mode: atomic
money-manager/internal/auth/handler.go:15.40,17.2 1 13
money-manager/internal/auth/handler.go:19.68,21.61 2 4
money-manager/internal/auth/handler.go:21.61,24.3 2 1
money-manager/internal/auth/handler.go:26.2,27.16 2 3
money-manager/internal/auth/handler.go:27.16,28.58 1 2
money-manager/internal/auth/handler.go:28.58,31.4 2 1
money-manager/internal/auth/handler.go:32.3,33.9 2 1
money-manager/internal/auth/handler.go:36.2,36.43 1 1
money-manager/internal/auth/handler.go:39.65,41.61 2 3
money-manager/internal/auth/handler.go:41.61,44.3 2 1
money-manager/internal/auth/handler.go:46.2,47.16 2 2
money-manager/internal/auth/handler.go:47.16,50.3 2 1
money-manager/internal/auth/handler.go:52.2,52.38 1 1
money-manager/internal/auth/handler.go:55.67,57.61 2 3
money-manager/internal/auth/handler.go:57.61,60.3 2 1
money-manager/internal/auth/handler.go:62.2,63.16 2 2
money-manager/internal/auth/handler.go:63.16,66.3 2 1
money-manager/internal/auth/handler.go:68.2,68.38 1 1
money-manager/internal/auth/handler.go:71.66,73.61 2 3
money-manager/internal/auth/handler.go:73.61,76.3 2 1
money-manager/internal/auth/handler.go:78.2,78.68 1 2
money-manager/internal/auth/handler.go:78.68,81.3 2 1
money-manager/internal/auth/handler.go:83.2,83.63 1 1
money-manager/internal/auth/repository.go:16.50,18.2 1 0
money-manager/internal/auth/repository.go:20.69,26.2 2 0
money-manager/internal/auth/repository.go:28.87,35.35 4 0
money-manager/internal/auth/repository.go:35.35,37.3 1 0
money-manager/internal/auth/repository.go:38.2,38.15 1 0
money-manager/internal/auth/repository.go:41.81,48.35 4 0
money-manager/internal/auth/repository.go:48.35,50.3 1 0
money-manager/internal/auth/repository.go:51.2,51.15 1 0
money-manager/internal/auth/repository.go:54.113,58.2 3 0
money-manager/internal/auth/repository.go:60.104,65.35 5 0
money-manager/internal/auth/repository.go:65.35,67.3 1 0
money-manager/internal/auth/repository.go:68.2,68.31 1 0
money-manager/internal/auth/repository.go:71.86,74.2 2 0
money-manager/internal/auth/repository.go:76.69,79.2 2 0
money-manager/internal/auth/service.go:29.102,36.2 1 40
money-manager/internal/auth/service.go:38.94,41.61 2 15
money-manager/internal/auth/service.go:41.61,43.3 1 3
money-manager/internal/auth/service.go:44.2,44.27 1 12
money-manager/internal/auth/service.go:44.27,46.3 1 2
money-manager/internal/auth/service.go:48.2,49.16 2 10
money-manager/internal/auth/service.go:49.16,51.3 1 1
money-manager/internal/auth/service.go:52.2,52.21 1 9
money-manager/internal/auth/service.go:52.21,54.3 1 2
money-manager/internal/auth/service.go:56.2,57.16 2 7
money-manager/internal/auth/service.go:57.16,59.3 1 0
money-manager/internal/auth/service.go:61.2,62.20 2 7
money-manager/internal/auth/service.go:62.20,64.3 1 7
money-manager/internal/auth/service.go:66.2,73.53 2 7
money-manager/internal/auth/service.go:73.53,75.3 1 1
money-manager/internal/auth/service.go:77.2,77.42 1 6
money-manager/internal/auth/service.go:80.88,84.16 3 7
money-manager/internal/auth/service.go:84.16,86.3 1 1
money-manager/internal/auth/service.go:87.2,87.17 1 6
money-manager/internal/auth/service.go:87.17,89.3 1 3
money-manager/internal/auth/service.go:91.2,91.103 1 3
money-manager/internal/auth/service.go:91.103,93.3 1 1
money-manager/internal/auth/service.go:95.2,95.42 1 2
money-manager/internal/auth/service.go:98.93,100.16 2 10
money-manager/internal/auth/service.go:100.16,102.3 1 2
money-manager/internal/auth/service.go:104.2,104.50 1 8
money-manager/internal/auth/service.go:104.50,106.3 1 1
money-manager/internal/auth/service.go:108.2,110.16 3 7
money-manager/internal/auth/service.go:110.16,112.3 1 1
money-manager/internal/auth/service.go:113.2,113.50 1 6
money-manager/internal/auth/service.go:113.50,115.3 1 2
money-manager/internal/auth/service.go:117.2,117.66 1 4
money-manager/internal/auth/service.go:117.66,119.3 1 1
money-manager/internal/auth/service.go:121.2,122.16 2 3
money-manager/internal/auth/service.go:122.16,124.3 1 0
money-manager/internal/auth/service.go:126.2,127.105 2 3
money-manager/internal/auth/service.go:127.105,129.3 1 1
money-manager/internal/auth/service.go:131.2,131.92 1 2
money-manager/internal/auth/service.go:134.74,137.2 2 4
money-manager/internal/auth/service.go:139.96,141.16 2 8
money-manager/internal/auth/service.go:141.16,143.3 1 0
money-manager/internal/auth/service.go:145.2,146.108 2 8
money-manager/internal/auth/service.go:146.108,148.3 1 1
money-manager/internal/auth/service.go:150.2,150.103 1 7
